{"C:\\Users\\Administrator\\Desktop\\pemrograman_web_itera_122140097\\azizkurniawan_122140097_pertemuan3\\src\\App.jsx": {"path":"C:\\Users\\Administrator\\Desktop\\pemrograman_web_itera_122140097\\azizkurniawan_122140097_pertemuan3\\src\\App.jsx","all":true,"statementMap":{"0":{"start":{"line":1,"column":0},"end":{"line":1,"column":25}},"1":{"start":{"line":2,"column":0},"end":{"line":2,"column":57}},"2":{"start":{"line":3,"column":0},"end":{"line":3,"column":31}},"3":{"start":{"line":4,"column":0},"end":{"line":4,"column":33}},"4":{"start":{"line":5,"column":0},"end":{"line":5,"column":39}},"6":{"start":{"line":7,"column":0},"end":{"line":7,"column":31}},"7":{"start":{"line":8,"column":0},"end":{"line":8,"column":10}},"8":{"start":{"line":9,"column":0},"end":{"line":9,"column":48}},"9":{"start":{"line":10,"column":0},"end":{"line":10,"column":54}},"10":{"start":{"line":11,"column":0},"end":{"line":11,"column":62}},"12":{"start":{"line":13,"column":0},"end":{"line":13,"column":18}},"13":{"start":{"line":14,"column":0},"end":{"line":14,"column":63}},"15":{"start":{"line":16,"column":0},"end":{"line":16,"column":18}},"16":{"start":{"line":17,"column":0},"end":{"line":17,"column":12}},"18":{"start":{"line":19,"column":0},"end":{"line":19,"column":56}},"19":{"start":{"line":20,"column":0},"end":{"line":20,"column":16}},"20":{"start":{"line":21,"column":0},"end":{"line":21,"column":47}},"21":{"start":{"line":22,"column":0},"end":{"line":22,"column":53}},"22":{"start":{"line":23,"column":0},"end":{"line":23,"column":51}},"23":{"start":{"line":24,"column":0},"end":{"line":24,"column":17}},"24":{"start":{"line":25,"column":0},"end":{"line":25,"column":13}},"25":{"start":{"line":26,"column":0},"end":{"line":26,"column":10}},"27":{"start":{"line":28,"column":0},"end":{"line":28,"column":1}}},"s":{"0":0,"1":0,"2":0,"3":0,"4":0,"6":0,"7":0,"8":0,"9":0,"10":0,"12":0,"13":0,"15":0,"16":0,"18":0,"19":0,"20":0,"21":0,"22":0,"23":0,"24":0,"25":0,"27":0},"branchMap":{"0":{"type":"branch","line":1,"loc":{"start":{"line":1,"column":346},"end":{"line":28,"column":-533}},"locations":[{"start":{"line":1,"column":346},"end":{"line":28,"column":-533}}]}},"b":{"0":[0]},"fnMap":{"0":{"name":"(empty-report)","decl":{"start":{"line":1,"column":346},"end":{"line":28,"column":-533}},"loc":{"start":{"line":1,"column":346},"end":{"line":28,"column":-533}},"line":1}},"f":{"0":0}}
,"C:\\Users\\Administrator\\Desktop\\pemrograman_web_itera_122140097\\azizkurniawan_122140097_pertemuan3\\src\\main.jsx": {"path":"C:\\Users\\Administrator\\Desktop\\pemrograman_web_itera_122140097\\azizkurniawan_122140097_pertemuan3\\src\\main.jsx","all":true,"statementMap":{"0":{"start":{"line":1,"column":0},"end":{"line":1,"column":25}},"1":{"start":{"line":2,"column":0},"end":{"line":2,"column":45}},"2":{"start":{"line":3,"column":0},"end":{"line":3,"column":48}},"3":{"start":{"line":4,"column":0},"end":{"line":4,"column":23}},"4":{"start":{"line":5,"column":0},"end":{"line":5,"column":52}},"5":{"start":{"line":6,"column":0},"end":{"line":6,"column":20}},"7":{"start":{"line":8,"column":0},"end":{"line":8,"column":51}},"8":{"start":{"line":9,"column":0},"end":{"line":9,"column":17}},"9":{"start":{"line":10,"column":0},"end":{"line":10,"column":18}},"10":{"start":{"line":11,"column":0},"end":{"line":11,"column":13}},"11":{"start":{"line":12,"column":0},"end":{"line":12,"column":19}},"12":{"start":{"line":13,"column":0},"end":{"line":13,"column":18}},"13":{"start":{"line":14,"column":0},"end":{"line":14,"column":1}}},"s":{"0":0,"1":0,"2":0,"3":0,"4":0,"5":0,"7":0,"8":0,"9":0,"10":0,"11":0,"12":0,"13":0},"branchMap":{"0":{"type":"branch","line":1,"loc":{"start":{"line":1,"column":315},"end":{"line":14,"column":-242}},"locations":[{"start":{"line":1,"column":315},"end":{"line":14,"column":-242}}]}},"b":{"0":[0]},"fnMap":{"0":{"name":"(empty-report)","decl":{"start":{"line":1,"column":315},"end":{"line":14,"column":-242}},"loc":{"start":{"line":1,"column":315},"end":{"line":14,"column":-242}},"line":1}},"f":{"0":0}}
,"C:\\Users\\Administrator\\Desktop\\pemrograman_web_itera_122140097\\azizkurniawan_122140097_pertemuan3\\src\\components\\BookFilter.jsx": {"path":"C:\\Users\\Administrator\\Desktop\\pemrograman_web_itera_122140097\\azizkurniawan_122140097_pertemuan3\\src\\components\\BookFilter.jsx","all":false,"statementMap":{"1":{"start":{"line":2,"column":0},"end":{"line":2,"column":39}},"2":{"start":{"line":3,"column":0},"end":{"line":3,"column":34}},"4":{"start":{"line":5,"column":0},"end":{"line":5,"column":50}},"5":{"start":{"line":6,"column":0},"end":{"line":6,"column":32}},"6":{"start":{"line":7,"column":0},"end":{"line":7,"column":45}},"8":{"start":{"line":9,"column":0},"end":{"line":9,"column":29}},"9":{"start":{"line":10,"column":0},"end":{"line":10,"column":22}},"10":{"start":{"line":11,"column":0},"end":{"line":11,"column":37}},"11":{"start":{"line":12,"column":0},"end":{"line":12,"column":3}},"13":{"start":{"line":14,"column":0},"end":{"line":14,"column":10}},"14":{"start":{"line":15,"column":0},"end":{"line":15,"column":9}},"15":{"start":{"line":16,"column":0},"end":{"line":16,"column":29}},"16":{"start":{"line":17,"column":0},"end":{"line":17,"column":37}},"18":{"start":{"line":19,"column":0},"end":{"line":19,"column":12}},"19":{"start":{"line":20,"column":0},"end":{"line":20,"column":19}},"20":{"start":{"line":21,"column":0},"end":{"line":21,"column":75}},"21":{"start":{"line":22,"column":0},"end":{"line":22,"column":45}},"22":{"start":{"line":23,"column":0},"end":{"line":23,"column":17}},"23":{"start":{"line":24,"column":0},"end":{"line":24,"column":44}},"24":{"start":{"line":25,"column":0},"end":{"line":25,"column":8}},"26":{"start":{"line":27,"column":0},"end":{"line":27,"column":13}},"27":{"start":{"line":28,"column":0},"end":{"line":28,"column":68}},"28":{"start":{"line":29,"column":0},"end":{"line":29,"column":22}},"29":{"start":{"line":30,"column":0},"end":{"line":30,"column":49}},"31":{"start":{"line":32,"column":0},"end":{"line":32,"column":40}},"32":{"start":{"line":33,"column":0},"end":{"line":33,"column":44}},"33":{"start":{"line":34,"column":0},"end":{"line":34,"column":48}},"34":{"start":{"line":35,"column":0},"end":{"line":35,"column":50}},"35":{"start":{"line":36,"column":0},"end":{"line":36,"column":15}},"37":{"start":{"line":38,"column":0},"end":{"line":38,"column":13}},"38":{"start":{"line":39,"column":0},"end":{"line":39,"column":21}},"39":{"start":{"line":40,"column":0},"end":{"line":40,"column":71}},"40":{"start":{"line":41,"column":0},"end":{"line":41,"column":7}},"42":{"start":{"line":43,"column":0},"end":{"line":43,"column":15}},"43":{"start":{"line":44,"column":0},"end":{"line":44,"column":11}},"45":{"start":{"line":46,"column":0},"end":{"line":46,"column":1}},"47":{"start":{"line":48,"column":0},"end":{"line":48,"column":24}},"48":{"start":{"line":49,"column":0},"end":{"line":49,"column":37}},"49":{"start":{"line":50,"column":0},"end":{"line":50,"column":1}}},"s":{"1":1,"2":1,"4":4,"5":4,"6":4,"8":4,"9":1,"10":1,"11":1,"13":4,"14":4,"15":4,"16":4,"18":4,"19":4,"20":4,"21":4,"22":4,"23":4,"24":4,"26":4,"27":4,"28":4,"29":4,"31":4,"32":4,"33":4,"34":4,"35":4,"37":4,"38":4,"39":4,"40":4,"42":4,"43":4,"45":4,"47":1,"48":1,"49":1},"branchMap":{"0":{"type":"branch","line":5,"loc":{"start":{"line":5,"column":0},"end":{"line":46,"column":1}},"locations":[{"start":{"line":5,"column":0},"end":{"line":46,"column":1}}]},"1":{"type":"branch","line":9,"loc":{"start":{"line":9,"column":23},"end":{"line":12,"column":3}},"locations":[{"start":{"line":9,"column":23},"end":{"line":12,"column":3}}]},"2":{"type":"branch","line":24,"loc":{"start":{"line":24,"column":18},"end":{"line":24,"column":44}},"locations":[{"start":{"line":24,"column":18},"end":{"line":24,"column":44}}]},"3":{"type":"branch","line":30,"loc":{"start":{"line":30,"column":18},"end":{"line":30,"column":49}},"locations":[{"start":{"line":30,"column":18},"end":{"line":30,"column":49}}]}},"b":{"0":[4],"1":[1],"2":[1],"3":[1]},"fnMap":{"0":{"name":"BookFilter","decl":{"start":{"line":5,"column":0},"end":{"line":46,"column":1}},"loc":{"start":{"line":5,"column":0},"end":{"line":46,"column":1}},"line":5},"1":{"name":"handleSubmit","decl":{"start":{"line":9,"column":23},"end":{"line":12,"column":3}},"loc":{"start":{"line":9,"column":23},"end":{"line":12,"column":3}},"line":9},"2":{"name":"onChange","decl":{"start":{"line":24,"column":18},"end":{"line":24,"column":44}},"loc":{"start":{"line":24,"column":18},"end":{"line":24,"column":44}},"line":24},"3":{"name":"onChange","decl":{"start":{"line":30,"column":18},"end":{"line":30,"column":49}},"loc":{"start":{"line":30,"column":18},"end":{"line":30,"column":49}},"line":30}},"f":{"0":4,"1":1,"2":1,"3":1}}
,"C:\\Users\\Administrator\\Desktop\\pemrograman_web_itera_122140097\\azizkurniawan_122140097_pertemuan3\\src\\components\\BookForm.jsx": {"path":"C:\\Users\\Administrator\\Desktop\\pemrograman_web_itera_122140097\\azizkurniawan_122140097_pertemuan3\\src\\components\\BookForm.jsx","all":false,"statementMap":{"0":{"start":{"line":1,"column":0},"end":{"line":1,"column":50}},"1":{"start":{"line":2,"column":0},"end":{"line":2,"column":34}},"2":{"start":{"line":3,"column":0},"end":{"line":3,"column":49}},"4":{"start":{"line":5,"column":0},"end":{"line":5,"column":47}},"6":{"start":{"line":7,"column":0},"end":{"line":7,"column":58}},"7":{"start":{"line":8,"column":0},"end":{"line":8,"column":33}},"8":{"start":{"line":9,"column":0},"end":{"line":9,"column":40}},"9":{"start":{"line":10,"column":0},"end":{"line":10,"column":42}},"10":{"start":{"line":11,"column":0},"end":{"line":11,"column":49}},"11":{"start":{"line":12,"column":0},"end":{"line":12,"column":40}},"13":{"start":{"line":14,"column":0},"end":{"line":14,"column":19}},"14":{"start":{"line":15,"column":0},"end":{"line":15,"column":19}},"15":{"start":{"line":16,"column":0},"end":{"line":16,"column":30}},"16":{"start":{"line":17,"column":0},"end":{"line":17,"column":32}},"17":{"start":{"line":18,"column":0},"end":{"line":18,"column":32}},"18":{"start":{"line":19,"column":0},"end":{"line":19,"column":5}},"19":{"start":{"line":20,"column":0},"end":{"line":20,"column":16}},"21":{"start":{"line":22,"column":0},"end":{"line":22,"column":23}},"22":{"start":{"line":23,"column":0},"end":{"line":23,"column":67}},"23":{"start":{"line":24,"column":0},"end":{"line":24,"column":3}},"25":{"start":{"line":26,"column":0},"end":{"line":26,"column":29}},"26":{"start":{"line":27,"column":0},"end":{"line":27,"column":22}},"27":{"start":{"line":28,"column":0},"end":{"line":28,"column":42}},"28":{"start":{"line":29,"column":0},"end":{"line":29,"column":47}},"29":{"start":{"line":30,"column":0},"end":{"line":30,"column":12}},"30":{"start":{"line":31,"column":0},"end":{"line":31,"column":5}},"31":{"start":{"line":32,"column":0},"end":{"line":32,"column":21}},"32":{"start":{"line":33,"column":0},"end":{"line":33,"column":37}},"33":{"start":{"line":34,"column":0},"end":{"line":34,"column":26}},"34":{"start":{"line":35,"column":0},"end":{"line":35,"column":28}},"35":{"start":{"line":36,"column":0},"end":{"line":36,"column":12}},"36":{"start":{"line":37,"column":0},"end":{"line":37,"column":5}},"37":{"start":{"line":38,"column":0},"end":{"line":38,"column":58}},"38":{"start":{"line":39,"column":0},"end":{"line":39,"column":11}},"39":{"start":{"line":40,"column":0},"end":{"line":40,"column":16}},"40":{"start":{"line":41,"column":0},"end":{"line":41,"column":3}},"42":{"start":{"line":43,"column":0},"end":{"line":43,"column":10}},"43":{"start":{"line":44,"column":0},"end":{"line":44,"column":83}},"44":{"start":{"line":45,"column":0},"end":{"line":45,"column":56}},"45":{"start":{"line":46,"column":0},"end":{"line":46,"column":12}},"46":{"start":{"line":47,"column":0},"end":{"line":47,"column":75}},"47":{"start":{"line":48,"column":0},"end":{"line":48,"column":32}},"48":{"start":{"line":49,"column":0},"end":{"line":49,"column":21}},"49":{"start":{"line":50,"column":0},"end":{"line":50,"column":48}},"50":{"start":{"line":51,"column":0},"end":{"line":51,"column":8}},"51":{"start":{"line":52,"column":0},"end":{"line":52,"column":12}},"52":{"start":{"line":53,"column":0},"end":{"line":53,"column":75}},"53":{"start":{"line":54,"column":0},"end":{"line":54,"column":29}},"54":{"start":{"line":55,"column":0},"end":{"line":55,"column":22}},"55":{"start":{"line":56,"column":0},"end":{"line":56,"column":49}},"56":{"start":{"line":57,"column":0},"end":{"line":57,"column":8}},"57":{"start":{"line":58,"column":0},"end":{"line":58,"column":13}},"58":{"start":{"line":59,"column":0},"end":{"line":59,"column":75}},"59":{"start":{"line":60,"column":0},"end":{"line":60,"column":22}},"60":{"start":{"line":61,"column":0},"end":{"line":61,"column":49}},"62":{"start":{"line":63,"column":0},"end":{"line":63,"column":26}},"63":{"start":{"line":64,"column":0},"end":{"line":64,"column":48}},"64":{"start":{"line":65,"column":0},"end":{"line":65,"column":11}},"65":{"start":{"line":66,"column":0},"end":{"line":66,"column":15}},"66":{"start":{"line":67,"column":0},"end":{"line":67,"column":13}},"67":{"start":{"line":68,"column":0},"end":{"line":68,"column":21}},"68":{"start":{"line":69,"column":0},"end":{"line":69,"column":73}},"70":{"start":{"line":71,"column":0},"end":{"line":71,"column":55}},"71":{"start":{"line":72,"column":0},"end":{"line":72,"column":15}},"72":{"start":{"line":73,"column":0},"end":{"line":73,"column":11}},"74":{"start":{"line":75,"column":0},"end":{"line":75,"column":1}},"76":{"start":{"line":77,"column":0},"end":{"line":77,"column":22}},"77":{"start":{"line":78,"column":0},"end":{"line":78,"column":29}},"78":{"start":{"line":79,"column":0},"end":{"line":79,"column":25}},"79":{"start":{"line":80,"column":0},"end":{"line":80,"column":28}},"80":{"start":{"line":81,"column":0},"end":{"line":81,"column":29}},"81":{"start":{"line":82,"column":0},"end":{"line":82,"column":35}},"82":{"start":{"line":83,"column":0},"end":{"line":83,"column":5}},"83":{"start":{"line":84,"column":0},"end":{"line":84,"column":26}},"84":{"start":{"line":85,"column":0},"end":{"line":85,"column":1}}},"s":{"0":1,"1":1,"2":1,"4":1,"6":6,"7":6,"8":6,"9":6,"10":6,"11":6,"13":6,"14":2,"15":0,"16":0,"17":0,"18":0,"19":6,"21":6,"22":1,"23":1,"25":6,"26":1,"27":1,"28":0,"29":0,"30":0,"31":1,"32":1,"33":1,"34":1,"35":1,"36":1,"37":1,"38":1,"39":1,"40":1,"42":6,"43":6,"44":6,"45":6,"46":6,"47":6,"48":6,"49":6,"50":6,"51":6,"52":6,"53":6,"54":6,"55":6,"56":6,"57":6,"58":6,"59":6,"60":6,"62":6,"63":18,"64":6,"65":6,"66":6,"67":6,"68":6,"70":6,"71":6,"72":6,"74":6,"76":1,"77":1,"78":1,"79":1,"80":1,"81":1,"82":1,"83":1,"84":1},"branchMap":{"0":{"type":"branch","line":7,"loc":{"start":{"line":7,"column":0},"end":{"line":75,"column":1}},"locations":[{"start":{"line":7,"column":0},"end":{"line":75,"column":1}}]},"1":{"type":"branch","line":45,"loc":{"start":{"line":45,"column":7},"end":{"line":45,"column":56}},"locations":[{"start":{"line":45,"column":7},"end":{"line":45,"column":56}}]},"2":{"type":"branch","line":71,"loc":{"start":{"line":71,"column":9},"end":{"line":71,"column":41}},"locations":[{"start":{"line":71,"column":9},"end":{"line":71,"column":41}}]},"3":{"type":"branch","line":14,"loc":{"start":{"line":14,"column":12},"end":{"line":20,"column":5}},"locations":[{"start":{"line":14,"column":12},"end":{"line":20,"column":5}}]},"4":{"type":"branch","line":15,"loc":{"start":{"line":15,"column":18},"end":{"line":19,"column":5}},"locations":[{"start":{"line":15,"column":18},"end":{"line":19,"column":5}}]},"5":{"type":"branch","line":22,"loc":{"start":{"line":22,"column":16},"end":{"line":24,"column":3}},"locations":[{"start":{"line":22,"column":16},"end":{"line":24,"column":3}}]},"6":{"type":"branch","line":26,"loc":{"start":{"line":26,"column":23},"end":{"line":41,"column":3}},"locations":[{"start":{"line":26,"column":23},"end":{"line":41,"column":3}}]},"7":{"type":"branch","line":28,"loc":{"start":{"line":28,"column":41},"end":{"line":31,"column":5}},"locations":[{"start":{"line":28,"column":41},"end":{"line":31,"column":5}}]},"8":{"type":"branch","line":33,"loc":{"start":{"line":33,"column":10},"end":{"line":33,"column":26}},"locations":[{"start":{"line":33,"column":10},"end":{"line":33,"column":26}}]},"9":{"type":"branch","line":38,"loc":{"start":{"line":38,"column":21},"end":{"line":38,"column":41}},"locations":[{"start":{"line":38,"column":21},"end":{"line":38,"column":41}}]},"10":{"type":"branch","line":50,"loc":{"start":{"line":50,"column":18},"end":{"line":50,"column":48}},"locations":[{"start":{"line":50,"column":18},"end":{"line":50,"column":48}}]},"11":{"type":"branch","line":56,"loc":{"start":{"line":56,"column":18},"end":{"line":56,"column":49}},"locations":[{"start":{"line":56,"column":18},"end":{"line":56,"column":49}}]},"12":{"type":"branch","line":63,"loc":{"start":{"line":63,"column":20},"end":{"line":64,"column":48}},"locations":[{"start":{"line":63,"column":20},"end":{"line":64,"column":48}}]}},"b":{"0":[6],"1":[0],"2":[0],"3":[2],"4":[0],"5":[1],"6":[1],"7":[0],"8":[0],"9":[0],"10":[1],"11":[1],"12":[18]},"fnMap":{"0":{"name":"BookForm","decl":{"start":{"line":7,"column":0},"end":{"line":75,"column":1}},"loc":{"start":{"line":7,"column":0},"end":{"line":75,"column":1}},"line":7},"1":{"name":"clear","decl":{"start":{"line":22,"column":16},"end":{"line":24,"column":3}},"loc":{"start":{"line":22,"column":16},"end":{"line":24,"column":3}},"line":22},"2":{"name":"handleSubmit","decl":{"start":{"line":26,"column":23},"end":{"line":41,"column":3}},"loc":{"start":{"line":26,"column":23},"end":{"line":41,"column":3}},"line":26},"3":{"name":"onChange","decl":{"start":{"line":50,"column":18},"end":{"line":50,"column":48}},"loc":{"start":{"line":50,"column":18},"end":{"line":50,"column":48}},"line":50},"4":{"name":"onChange","decl":{"start":{"line":56,"column":18},"end":{"line":56,"column":49}},"loc":{"start":{"line":56,"column":18},"end":{"line":56,"column":49}},"line":56},"5":{"name":"onChange","decl":{"start":{"line":61,"column":18},"end":{"line":61,"column":49}},"loc":{"start":{"line":61,"column":18},"end":{"line":61,"column":49}},"line":61}},"f":{"0":6,"1":1,"2":1,"3":1,"4":1,"5":0}}
,"C:\\Users\\Administrator\\Desktop\\pemrograman_web_itera_122140097\\azizkurniawan_122140097_pertemuan3\\src\\components\\BookList.jsx": {"path":"C:\\Users\\Administrator\\Desktop\\pemrograman_web_itera_122140097\\azizkurniawan_122140097_pertemuan3\\src\\components\\BookList.jsx","all":false,"statementMap":{"0":{"start":{"line":1,"column":0},"end":{"line":1,"column":25}},"1":{"start":{"line":2,"column":0},"end":{"line":2,"column":34}},"3":{"start":{"line":4,"column":0},"end":{"line":4,"column":63}},"4":{"start":{"line":5,"column":0},"end":{"line":5,"column":27}},"5":{"start":{"line":6,"column":0},"end":{"line":6,"column":77}},"6":{"start":{"line":7,"column":0},"end":{"line":7,"column":3}},"8":{"start":{"line":9,"column":0},"end":{"line":9,"column":10}},"9":{"start":{"line":10,"column":0},"end":{"line":10,"column":30}},"10":{"start":{"line":11,"column":0},"end":{"line":11,"column":23}},"11":{"start":{"line":12,"column":0},"end":{"line":12,"column":11}},"12":{"start":{"line":13,"column":0},"end":{"line":13,"column":20}},"13":{"start":{"line":14,"column":0},"end":{"line":14,"column":79}},"15":{"start":{"line":16,"column":0},"end":{"line":16,"column":15}},"16":{"start":{"line":17,"column":0},"end":{"line":17,"column":56}},"17":{"start":{"line":18,"column":0},"end":{"line":18,"column":63}},"18":{"start":{"line":19,"column":0},"end":{"line":19,"column":85}},"19":{"start":{"line":20,"column":0},"end":{"line":20,"column":16}},"20":{"start":{"line":21,"column":0},"end":{"line":21,"column":37}},"21":{"start":{"line":22,"column":0},"end":{"line":22,"column":19}},"22":{"start":{"line":23,"column":0},"end":{"line":23,"column":39}},"23":{"start":{"line":24,"column":0},"end":{"line":24,"column":91}},"24":{"start":{"line":25,"column":0},"end":{"line":25,"column":13}},"26":{"start":{"line":27,"column":0},"end":{"line":27,"column":21}},"27":{"start":{"line":28,"column":0},"end":{"line":28,"column":19}},"28":{"start":{"line":29,"column":0},"end":{"line":29,"column":44}},"29":{"start":{"line":30,"column":0},"end":{"line":30,"column":71}},"30":{"start":{"line":31,"column":0},"end":{"line":31,"column":13}},"32":{"start":{"line":33,"column":0},"end":{"line":33,"column":21}},"33":{"start":{"line":34,"column":0},"end":{"line":34,"column":16}},"34":{"start":{"line":35,"column":0},"end":{"line":35,"column":13}},"35":{"start":{"line":36,"column":0},"end":{"line":36,"column":9}},"36":{"start":{"line":37,"column":0},"end":{"line":37,"column":9}},"38":{"start":{"line":39,"column":0},"end":{"line":39,"column":1}},"40":{"start":{"line":41,"column":0},"end":{"line":41,"column":22}},"41":{"start":{"line":42,"column":0},"end":{"line":42,"column":44}},"42":{"start":{"line":43,"column":0},"end":{"line":43,"column":25}},"43":{"start":{"line":44,"column":0},"end":{"line":44,"column":28}},"44":{"start":{"line":45,"column":0},"end":{"line":45,"column":29}},"45":{"start":{"line":46,"column":0},"end":{"line":46,"column":28}},"46":{"start":{"line":47,"column":0},"end":{"line":47,"column":17}},"47":{"start":{"line":48,"column":0},"end":{"line":48,"column":36}},"48":{"start":{"line":49,"column":0},"end":{"line":49,"column":37}},"49":{"start":{"line":50,"column":0},"end":{"line":50,"column":1}}},"s":{"0":1,"1":1,"3":2,"4":2,"5":2,"6":2,"8":0,"9":0,"10":0,"11":0,"12":0,"13":0,"15":0,"16":0,"17":0,"18":0,"19":0,"20":0,"21":0,"22":0,"23":0,"24":0,"26":0,"27":0,"28":0,"29":0,"30":0,"32":0,"33":0,"34":0,"35":0,"36":0,"38":0,"40":1,"41":1,"42":1,"43":1,"44":1,"45":1,"46":1,"47":1,"48":1,"49":1},"branchMap":{"0":{"type":"branch","line":4,"loc":{"start":{"line":4,"column":0},"end":{"line":39,"column":1}},"locations":[{"start":{"line":4,"column":0},"end":{"line":39,"column":1}}]},"1":{"type":"branch","line":7,"loc":{"start":{"line":7,"column":2},"end":{"line":39,"column":1}},"locations":[{"start":{"line":7,"column":2},"end":{"line":39,"column":1}}]}},"b":{"0":[2],"1":[0]},"fnMap":{"0":{"name":"BookList","decl":{"start":{"line":4,"column":0},"end":{"line":39,"column":1}},"loc":{"start":{"line":4,"column":0},"end":{"line":39,"column":1}},"line":4}},"f":{"0":2}}
,"C:\\Users\\Administrator\\Desktop\\pemrograman_web_itera_122140097\\azizkurniawan_122140097_pertemuan3\\src\\context\\BookContext.jsx": {"path":"C:\\Users\\Administrator\\Desktop\\pemrograman_web_itera_122140097\\azizkurniawan_122140097_pertemuan3\\src\\context\\BookContext.jsx","all":false,"statementMap":{"0":{"start":{"line":1,"column":0},"end":{"line":1,"column":79}},"1":{"start":{"line":2,"column":0},"end":{"line":2,"column":54}},"3":{"start":{"line":4,"column":0},"end":{"line":4,"column":35}},"5":{"start":{"line":6,"column":0},"end":{"line":6,"column":36}},"6":{"start":{"line":7,"column":0},"end":{"line":7,"column":24}},"7":{"start":{"line":8,"column":0},"end":{"line":8,"column":15}},"8":{"start":{"line":9,"column":0},"end":{"line":9,"column":39}},"9":{"start":{"line":10,"column":0},"end":{"line":10,"column":16}},"10":{"start":{"line":11,"column":0},"end":{"line":11,"column":78}},"11":{"start":{"line":12,"column":0},"end":{"line":12,"column":18}},"12":{"start":{"line":13,"column":0},"end":{"line":13,"column":55}},"13":{"start":{"line":14,"column":0},"end":{"line":14,"column":12}},"14":{"start":{"line":15,"column":0},"end":{"line":15,"column":18}},"15":{"start":{"line":16,"column":0},"end":{"line":16,"column":3}},"16":{"start":{"line":17,"column":0},"end":{"line":17,"column":1}},"18":{"start":{"line":19,"column":0},"end":{"line":19,"column":44}},"19":{"start":{"line":20,"column":0},"end":{"line":20,"column":58}},"20":{"start":{"line":21,"column":0},"end":{"line":21,"column":55}},"23":{"start":{"line":24,"column":0},"end":{"line":24,"column":19}},"24":{"start":{"line":25,"column":0},"end":{"line":25,"column":20}},"25":{"start":{"line":26,"column":0},"end":{"line":26,"column":13}},"27":{"start":{"line":28,"column":0},"end":{"line":28,"column":10}},"28":{"start":{"line":29,"column":0},"end":{"line":29,"column":54}},"29":{"start":{"line":30,"column":0},"end":{"line":30,"column":16}},"30":{"start":{"line":31,"column":0},"end":{"line":31,"column":27}},"32":{"start":{"line":33,"column":0},"end":{"line":33,"column":1}},"34":{"start":{"line":35,"column":0},"end":{"line":35,"column":28}},"35":{"start":{"line":36,"column":0},"end":{"line":36,"column":37}},"36":{"start":{"line":37,"column":0},"end":{"line":37,"column":72}},"37":{"start":{"line":38,"column":0},"end":{"line":38,"column":12}},"38":{"start":{"line":39,"column":0},"end":{"line":39,"column":1}}},"s":{"0":1,"1":1,"3":1,"5":1,"6":1,"7":1,"8":1,"9":1,"10":0,"11":1,"12":0,"13":1,"14":0,"15":1,"16":1,"18":1,"19":5,"20":5,"23":5,"24":4,"25":5,"27":5,"28":5,"29":5,"30":5,"32":5,"34":1,"35":8,"36":8,"37":8,"38":8},"branchMap":{"0":{"type":"branch","line":6,"loc":{"start":{"line":6,"column":16},"end":{"line":17,"column":1}},"locations":[{"start":{"line":6,"column":16},"end":{"line":17,"column":1}}]},"1":{"type":"branch","line":10,"loc":{"start":{"line":10,"column":4},"end":{"line":11,"column":78}},"locations":[{"start":{"line":10,"column":4},"end":{"line":11,"column":78}}]},"2":{"type":"branch","line":12,"loc":{"start":{"line":12,"column":4},"end":{"line":13,"column":55}},"locations":[{"start":{"line":12,"column":4},"end":{"line":13,"column":55}}]},"3":{"type":"branch","line":14,"loc":{"start":{"line":14,"column":4},"end":{"line":15,"column":18}},"locations":[{"start":{"line":14,"column":4},"end":{"line":15,"column":18}}]},"4":{"type":"branch","line":19,"loc":{"start":{"line":19,"column":7},"end":{"line":33,"column":1}},"locations":[{"start":{"line":19,"column":7},"end":{"line":33,"column":1}}]},"5":{"type":"branch","line":24,"loc":{"start":{"line":24,"column":12},"end":{"line":26,"column":5}},"locations":[{"start":{"line":24,"column":12},"end":{"line":26,"column":5}}]},"6":{"type":"branch","line":35,"loc":{"start":{"line":35,"column":7},"end":{"line":39,"column":1}},"locations":[{"start":{"line":35,"column":7},"end":{"line":39,"column":1}}]},"7":{"type":"branch","line":37,"loc":{"start":{"line":37,"column":12},"end":{"line":37,"column":72}},"locations":[{"start":{"line":37,"column":12},"end":{"line":37,"column":72}}]}},"b":{"0":[1],"1":[0],"2":[0],"3":[0],"4":[5],"5":[4],"6":[8],"7":[0]},"fnMap":{"0":{"name":"reducer","decl":{"start":{"line":6,"column":16},"end":{"line":17,"column":1}},"loc":{"start":{"line":6,"column":16},"end":{"line":17,"column":1}},"line":6},"1":{"name":"BookProvider","decl":{"start":{"line":19,"column":7},"end":{"line":33,"column":1}},"loc":{"start":{"line":19,"column":7},"end":{"line":33,"column":1}},"line":19},"2":{"name":"useBooks","decl":{"start":{"line":35,"column":7},"end":{"line":39,"column":1}},"loc":{"start":{"line":35,"column":7},"end":{"line":39,"column":1}},"line":35}},"f":{"0":1,"1":5,"2":8}}
,"C:\\Users\\Administrator\\Desktop\\pemrograman_web_itera_122140097\\azizkurniawan_122140097_pertemuan3\\src\\hooks\\useBookStats.js": {"path":"C:\\Users\\Administrator\\Desktop\\pemrograman_web_itera_122140097\\azizkurniawan_122140097_pertemuan3\\src\\hooks\\useBookStats.js","all":false,"statementMap":{"0":{"start":{"line":1,"column":0},"end":{"line":1,"column":54}},"1":{"start":{"line":2,"column":0},"end":{"line":2,"column":0}},"2":{"start":{"line":3,"column":0},"end":{"line":3,"column":45}},"3":{"start":{"line":4,"column":0},"end":{"line":4,"column":24}},"4":{"start":{"line":5,"column":0},"end":{"line":5,"column":76}},"5":{"start":{"line":6,"column":0},"end":{"line":6,"column":27}},"6":{"start":{"line":7,"column":0},"end":{"line":7,"column":56}},"7":{"start":{"line":8,"column":0},"end":{"line":8,"column":6}},"8":{"start":{"line":9,"column":0},"end":{"line":9,"column":16}},"9":{"start":{"line":10,"column":0},"end":{"line":10,"column":13}},"10":{"start":{"line":11,"column":0},"end":{"line":11,"column":1}}},"s":{"0":1,"1":1,"2":1,"3":1,"4":1,"5":1,"6":0,"7":1,"8":1,"9":1,"10":1},"branchMap":{"0":{"type":"branch","line":3,"loc":{"start":{"line":3,"column":15},"end":{"line":11,"column":1}},"locations":[{"start":{"line":3,"column":15},"end":{"line":11,"column":1}}]},"1":{"type":"branch","line":4,"loc":{"start":{"line":4,"column":17},"end":{"line":10,"column":3}},"locations":[{"start":{"line":4,"column":17},"end":{"line":10,"column":3}}]}},"b":{"0":[1],"1":[1]},"fnMap":{"0":{"name":"useBookStats","decl":{"start":{"line":3,"column":15},"end":{"line":11,"column":1}},"loc":{"start":{"line":3,"column":15},"end":{"line":11,"column":1}},"line":3}},"f":{"0":1}}
,"C:\\Users\\Administrator\\Desktop\\pemrograman_web_itera_122140097\\azizkurniawan_122140097_pertemuan3\\src\\hooks\\useLocalStorage.js": {"path":"C:\\Users\\Administrator\\Desktop\\pemrograman_web_itera_122140097\\azizkurniawan_122140097_pertemuan3\\src\\hooks\\useLocalStorage.js","all":false,"statementMap":{"0":{"start":{"line":1,"column":0},"end":{"line":1,"column":66}},"1":{"start":{"line":2,"column":0},"end":{"line":2,"column":0}},"2":{"start":{"line":3,"column":0},"end":{"line":3,"column":60}},"3":{"start":{"line":4,"column":0},"end":{"line":4,"column":56}},"4":{"start":{"line":5,"column":0},"end":{"line":5,"column":9}},"5":{"start":{"line":6,"column":0},"end":{"line":6,"column":51}},"6":{"start":{"line":7,"column":0},"end":{"line":7,"column":51}},"7":{"start":{"line":8,"column":0},"end":{"line":8,"column":13}},"8":{"start":{"line":9,"column":0},"end":{"line":9,"column":25}},"9":{"start":{"line":10,"column":0},"end":{"line":10,"column":5}},"10":{"start":{"line":11,"column":0},"end":{"line":11,"column":4}},"11":{"start":{"line":12,"column":0},"end":{"line":12,"column":0}},"12":{"start":{"line":13,"column":0},"end":{"line":13,"column":19}},"13":{"start":{"line":14,"column":0},"end":{"line":14,"column":65}},"14":{"start":{"line":15,"column":0},"end":{"line":15,"column":24}},"15":{"start":{"line":16,"column":0},"end":{"line":16,"column":0}},"16":{"start":{"line":17,"column":0},"end":{"line":17,"column":38}},"17":{"start":{"line":18,"column":0},"end":{"line":18,"column":1}}},"s":{"0":1,"1":1,"2":1,"3":5,"4":3,"5":3,"6":3,"7":3,"8":0,"9":0,"10":5,"11":5,"12":5,"13":4,"14":5,"15":5,"16":5,"17":5},"branchMap":{"0":{"type":"branch","line":3,"loc":{"start":{"line":3,"column":15},"end":{"line":18,"column":1}},"locations":[{"start":{"line":3,"column":15},"end":{"line":18,"column":1}}]},"1":{"type":"branch","line":4,"loc":{"start":{"line":4,"column":49},"end":{"line":11,"column":3}},"locations":[{"start":{"line":4,"column":49},"end":{"line":11,"column":3}}]},"2":{"type":"branch","line":7,"loc":{"start":{"line":7,"column":18},"end":{"line":7,"column":36}},"locations":[{"start":{"line":7,"column":18},"end":{"line":7,"column":36}}]},"3":{"type":"branch","line":8,"loc":{"start":{"line":8,"column":6},"end":{"line":10,"column":5}},"locations":[{"start":{"line":8,"column":6},"end":{"line":10,"column":5}}]},"4":{"type":"branch","line":13,"loc":{"start":{"line":13,"column":12},"end":{"line":15,"column":3}},"locations":[{"start":{"line":13,"column":12},"end":{"line":15,"column":3}}]}},"b":{"0":[5],"1":[3],"2":[0],"3":[0],"4":[4]},"fnMap":{"0":{"name":"useLocalStorage","decl":{"start":{"line":3,"column":15},"end":{"line":18,"column":1}},"loc":{"start":{"line":3,"column":15},"end":{"line":18,"column":1}},"line":3}},"f":{"0":5}}
,"C:\\Users\\Administrator\\Desktop\\pemrograman_web_itera_122140097\\azizkurniawan_122140097_pertemuan3\\src\\pages\\Home.jsx": {"path":"C:\\Users\\Administrator\\Desktop\\pemrograman_web_itera_122140097\\azizkurniawan_122140097_pertemuan3\\src\\pages\\Home.jsx","all":false,"statementMap":{"0":{"start":{"line":1,"column":0},"end":{"line":1,"column":48}},"1":{"start":{"line":2,"column":0},"end":{"line":2,"column":49}},"2":{"start":{"line":3,"column":0},"end":{"line":3,"column":45}},"3":{"start":{"line":4,"column":0},"end":{"line":4,"column":49}},"4":{"start":{"line":5,"column":0},"end":{"line":5,"column":45}},"6":{"start":{"line":7,"column":0},"end":{"line":7,"column":32}},"7":{"start":{"line":8,"column":0},"end":{"line":8,"column":40}},"8":{"start":{"line":9,"column":0},"end":{"line":9,"column":64}},"9":{"start":{"line":10,"column":0},"end":{"line":10,"column":48}},"11":{"start":{"line":12,"column":0},"end":{"line":12,"column":34}},"12":{"start":{"line":13,"column":0},"end":{"line":13,"column":30}},"13":{"start":{"line":14,"column":0},"end":{"line":14,"column":20}},"14":{"start":{"line":15,"column":0},"end":{"line":15,"column":65}},"15":{"start":{"line":16,"column":0},"end":{"line":16,"column":63}},"16":{"start":{"line":17,"column":0},"end":{"line":17,"column":79}},"17":{"start":{"line":18,"column":0},"end":{"line":18,"column":34}},"18":{"start":{"line":19,"column":0},"end":{"line":19,"column":6}},"19":{"start":{"line":20,"column":0},"end":{"line":20,"column":21}},"21":{"start":{"line":22,"column":0},"end":{"line":22,"column":10}},"22":{"start":{"line":23,"column":0},"end":{"line":23,"column":31}},"23":{"start":{"line":24,"column":0},"end":{"line":24,"column":15}},"24":{"start":{"line":25,"column":0},"end":{"line":25,"column":27}},"25":{"start":{"line":26,"column":0},"end":{"line":26,"column":42}},"26":{"start":{"line":27,"column":0},"end":{"line":27,"column":8}},"27":{"start":{"line":28,"column":0},"end":{"line":28,"column":41}},"28":{"start":{"line":29,"column":0},"end":{"line":29,"column":15}},"29":{"start":{"line":30,"column":0},"end":{"line":30,"column":24}},"30":{"start":{"line":31,"column":0},"end":{"line":31,"column":36}},"31":{"start":{"line":32,"column":0},"end":{"line":32,"column":66}},"32":{"start":{"line":33,"column":0},"end":{"line":33,"column":8}},"33":{"start":{"line":34,"column":0},"end":{"line":34,"column":10}},"35":{"start":{"line":36,"column":0},"end":{"line":36,"column":1}}},"s":{"0":1,"1":1,"2":1,"3":1,"4":1,"6":1,"7":1,"8":1,"9":1,"11":1,"12":1,"13":0,"14":0,"15":0,"16":0,"17":0,"18":1,"19":1,"21":1,"22":1,"23":1,"24":1,"25":1,"26":1,"27":1,"28":1,"29":1,"30":1,"31":1,"32":1,"33":1,"35":1},"branchMap":{"0":{"type":"branch","line":7,"loc":{"start":{"line":7,"column":0},"end":{"line":36,"column":1}},"locations":[{"start":{"line":7,"column":0},"end":{"line":36,"column":1}}]},"1":{"type":"branch","line":12,"loc":{"start":{"line":12,"column":27},"end":{"line":20,"column":5}},"locations":[{"start":{"line":12,"column":27},"end":{"line":20,"column":5}}]}},"b":{"0":[1],"1":[1]},"fnMap":{"0":{"name":"Home","decl":{"start":{"line":7,"column":0},"end":{"line":36,"column":1}},"loc":{"start":{"line":7,"column":0},"end":{"line":36,"column":1}},"line":7},"1":{"name":"onFinish","decl":{"start":{"line":26,"column":18},"end":{"line":26,"column":42}},"loc":{"start":{"line":26,"column":18},"end":{"line":26,"column":42}},"line":26},"2":{"name":"onEdit","decl":{"start":{"line":31,"column":16},"end":{"line":31,"column":36}},"loc":{"start":{"line":31,"column":16},"end":{"line":31,"column":36}},"line":31},"3":{"name":"onDelete","decl":{"start":{"line":32,"column":18},"end":{"line":32,"column":66}},"loc":{"start":{"line":32,"column":18},"end":{"line":32,"column":66}},"line":32}},"f":{"0":1,"1":0,"2":0,"3":0}}
,"C:\\Users\\Administrator\\Desktop\\pemrograman_web_itera_122140097\\azizkurniawan_122140097_pertemuan3\\src\\pages\\NotFound.jsx": {"path":"C:\\Users\\Administrator\\Desktop\\pemrograman_web_itera_122140097\\azizkurniawan_122140097_pertemuan3\\src\\pages\\NotFound.jsx","all":true,"statementMap":{"0":{"start":{"line":1,"column":0},"end":{"line":1,"column":25}},"2":{"start":{"line":3,"column":0},"end":{"line":3,"column":36}},"3":{"start":{"line":4,"column":0},"end":{"line":4,"column":10}},"4":{"start":{"line":5,"column":0},"end":{"line":5,"column":39}},"5":{"start":{"line":6,"column":0},"end":{"line":6,"column":49}},"6":{"start":{"line":7,"column":0},"end":{"line":7,"column":37}},"7":{"start":{"line":8,"column":0},"end":{"line":8,"column":10}},"9":{"start":{"line":10,"column":0},"end":{"line":10,"column":1}}},"s":{"0":0,"2":0,"3":0,"4":0,"5":0,"6":0,"7":0,"9":0},"branchMap":{"0":{"type":"branch","line":1,"loc":{"start":{"line":1,"column":126},"end":{"line":10,"column":-162}},"locations":[{"start":{"line":1,"column":126},"end":{"line":10,"column":-162}}]}},"b":{"0":[0]},"fnMap":{"0":{"name":"(empty-report)","decl":{"start":{"line":1,"column":126},"end":{"line":10,"column":-162}},"loc":{"start":{"line":1,"column":126},"end":{"line":10,"column":-162}},"line":1}},"f":{"0":0}}
,"C:\\Users\\Administrator\\Desktop\\pemrograman_web_itera_122140097\\azizkurniawan_122140097_pertemuan3\\src\\pages\\Stats.jsx": {"path":"C:\\Users\\Administrator\\Desktop\\pemrograman_web_itera_122140097\\azizkurniawan_122140097_pertemuan3\\src\\pages\\Stats.jsx","all":false,"statementMap":{"0":{"start":{"line":1,"column":0},"end":{"line":1,"column":25}},"1":{"start":{"line":2,"column":0},"end":{"line":2,"column":49}},"2":{"start":{"line":3,"column":0},"end":{"line":3,"column":48}},"4":{"start":{"line":5,"column":0},"end":{"line":5,"column":33}},"5":{"start":{"line":6,"column":0},"end":{"line":6,"column":30}},"6":{"start":{"line":7,"column":0},"end":{"line":7,"column":65}},"8":{"start":{"line":9,"column":0},"end":{"line":9,"column":10}},"9":{"start":{"line":10,"column":0},"end":{"line":10,"column":59}},"10":{"start":{"line":11,"column":0},"end":{"line":11,"column":8}},"11":{"start":{"line":12,"column":0},"end":{"line":12,"column":41}},"12":{"start":{"line":13,"column":0},"end":{"line":13,"column":41}},"13":{"start":{"line":14,"column":0},"end":{"line":14,"column":45}},"14":{"start":{"line":15,"column":0},"end":{"line":15,"column":46}},"15":{"start":{"line":16,"column":0},"end":{"line":16,"column":21}},"16":{"start":{"line":17,"column":0},"end":{"line":17,"column":81}},"17":{"start":{"line":18,"column":0},"end":{"line":18,"column":60}},"18":{"start":{"line":19,"column":0},"end":{"line":19,"column":29}},"19":{"start":{"line":20,"column":0},"end":{"line":20,"column":14}},"20":{"start":{"line":21,"column":0},"end":{"line":21,"column":9}},"21":{"start":{"line":22,"column":0},"end":{"line":22,"column":10}},"23":{"start":{"line":24,"column":0},"end":{"line":24,"column":1}}},"s":{"0":1,"1":1,"2":1,"4":1,"5":1,"6":1,"8":1,"9":1,"10":1,"11":1,"12":1,"13":1,"14":1,"15":1,"16":4,"17":4,"18":4,"19":4,"20":1,"21":1,"23":1},"branchMap":{"0":{"type":"branch","line":5,"loc":{"start":{"line":5,"column":0},"end":{"line":24,"column":1}},"locations":[{"start":{"line":5,"column":0},"end":{"line":24,"column":1}}]},"1":{"type":"branch","line":16,"loc":{"start":{"line":16,"column":12},"end":{"line":20,"column":14}},"locations":[{"start":{"line":16,"column":12},"end":{"line":20,"column":14}}]}},"b":{"0":[1],"1":[4]},"fnMap":{"0":{"name":"Stats","decl":{"start":{"line":5,"column":0},"end":{"line":24,"column":1}},"loc":{"start":{"line":5,"column":0},"end":{"line":24,"column":1}},"line":5}},"f":{"0":1}}
}
